Using pre-set license
Built from '2020.2/staging' branch; Version is '2020.2.6f1 (8a2143876886) revision 9052483'; Using compiler version '192528614'; Build Type 'Release'
OS: 'Windows 10 Pro for Workstations; OS build 22468.1000; Version 2009; 64bit' Language: 'en' Physical Memory: 20404 MB
BatchMode: 1, IsHumanControllingUs: 0, StartBugReporterOnCrash: 0, Is64bit: 1, IsPro: 0

 COMMAND LINE ARGUMENTS:
C:\Program Files\Unity\Hub\Editor\2020.2.6f1\Editor\Unity.exe
-adb2
-batchMode
-noUpm
-name
AssetImportWorker0
-projectPath
J:/Career/Sharif_Cup/SharifCupAdvertisment
-logFile
Logs/AssetImportWorker0.log
-srvPort
9215
Successfully changed project path to: J:/Career/Sharif_Cup/SharifCupAdvertisment
J:/Career/Sharif_Cup/SharifCupAdvertisment
Using Asset Import Pipeline V2.
Refreshing native plugins compatible for Editor in 44.49 ms, found 0 plugins.
Preloading 0 native plugins for Editor in 0.00 ms.
Initialize engine version: 2020.2.6f1 (8a2143876886)
[Subsystems] Discovering subsystems at path C:/Program Files/Unity/Hub/Editor/2020.2.6f1/Editor/Data/Resources/UnitySubsystems
[Subsystems] Discovering subsystems at path J:/Career/Sharif_Cup/SharifCupAdvertisment/Assets
GfxDevice: creating device client; threaded=0
Direct3D:
    Version:  Direct3D 11.0 [level 11.0]
    Renderer: NVIDIA GeForce GT 730 (ID=0x1287)
    Vendor:   
    VRAM:     2007 MB
    Driver:   30.0.14.7168
Initialize mono
Mono path[0] = 'C:/Program Files/Unity/Hub/Editor/2020.2.6f1/Editor/Data/Managed'
Mono path[1] = 'C:/Program Files/Unity/Hub/Editor/2020.2.6f1/Editor/Data/MonoBleedingEdge/lib/mono/unityjit'
Mono config path = 'C:/Program Files/Unity/Hub/Editor/2020.2.6f1/Editor/Data/MonoBleedingEdge/etc'
Using monoOptions --debugger-agent=transport=dt_socket,embedding=1,server=y,suspend=n,address=127.0.0.1:56424
Begin MonoManager ReloadAssembly
Registering precompiled unity dll's ...
Register platform support module: C:/Program Files/Unity/Hub/Editor/2020.2.6f1/Editor/Data/PlaybackEngines/WindowsStandaloneSupport/UnityEditor.WindowsStandalone.Extensions.dll
Registered in 0.002386 seconds.
Native extension for WindowsStandalone target not found
Refreshing native plugins compatible for Editor in 28.69 ms, found 0 plugins.
Preloading 0 native plugins for Editor in 0.00 ms.
Invoked RoslynAnalysisRunner static constructor.
RoslynAnalysisRunner will not be running.
RoslynAnalysisRunner has terminated.
Mono: successfully reloaded assembly
- Completed reload, in  2.950 seconds
Platform modules already initialized, skipping
Registering precompiled user dll's ...
Registered in 0.004774 seconds.
Begin MonoManager ReloadAssembly
Native extension for WindowsStandalone target not found
Refreshing native plugins compatible for Editor in 0.88 ms, found 0 plugins.
Preloading 0 native plugins for Editor in 0.00 ms.
Invoked RoslynAnalysisRunner static constructor.
RoslynAnalysisRunner will not be running.
RoslynAnalysisRunner has terminated.
Mono: successfully reloaded assembly
- Completed reload, in  1.088 seconds
Platform modules already initialized, skipping
========================================================================
Worker process is ready to serve import requests
Launched and connected shader compiler UnityShaderCompiler.exe after 0.07 seconds
Refreshing native plugins compatible for Editor in 0.77 ms, found 0 plugins.
Preloading 0 native plugins for Editor in 0.00 ms.
Unloading 1168 Unused Serialized files (Serialized files now loaded: 0)
System memory in use before: 58.5 MB.
System memory in use after: 58.5 MB.

Unloading 68 unused Assets to reduce memory usage. Loaded Objects now: 1564.
Total: 2.127500 ms (FindLiveObjects: 0.223100 ms CreateObjectMapping: 0.088900 ms MarkObjects: 1.621800 ms  DeleteObjects: 0.192000 ms)

========================================================================
Received Import Request.
  path: Assets/Thirdparties
  artifactKey: Guid(263ac5d402d64b749abb66cc6eb3d28d) Importer(815301076,1909f56bfc062723c751e8b465ee728b)
Start importing Assets/Thirdparties using Guid(263ac5d402d64b749abb66cc6eb3d28d) Importer(815301076,1909f56bfc062723c751e8b465ee728b)  -> (artifact id: '95904759adf8bfbca360d53ebd4598ce') in 0.044453 seconds
  Import took 0.046700 seconds .

========================================================================
Received Import Request.
  Time since last request: 4.366690 seconds.
  path: Assets/GoogleMobileAds
  artifactKey: Guid(e1b7b6efbeaa3af4998d23357fc54c18) Importer(815301076,1909f56bfc062723c751e8b465ee728b)
Start importing Assets/GoogleMobileAds using Guid(e1b7b6efbeaa3af4998d23357fc54c18) Importer(815301076,1909f56bfc062723c751e8b465ee728b)  -> (artifact id: '8b17a1b294eece1b3dd5ccc18cc985f3') in 0.009635 seconds
  Import took 0.012268 seconds .

AssetImportWorkerClient::OnTransportError - code=2 error=End of file
